<?xml version="1.0" encoding="UTF-8"?>
<!-- Generated by org.testng.reporters.JUnitReportReporter -->
<testsuite hostname="DESKTOP-3MREL07" failures="0" tests="1" name="seleniumMaven.testMaven.loginPageTest" time="3.678" errors="0" timestamp="2022-11-29T00:51:44 IST" skipped="0">
  <testcase classname="seleniumMaven.testMaven.loginPageTest" name="loginGuru99Demo" time="3.678"/>
  <system-out/>
</testsuite> <!-- seleniumMaven.testMaven.loginPageTest -->
