<?xml version="1.0" encoding="UTF-8"?>
<!-- Generated by org.testng.reporters.JUnitReportReporter -->
<testsuite hostname="DESKTOP-3MREL07" failures="0" tests="1" name="seleniumMaven.pages.loginPageTest" time="7.092" errors="0" timestamp="2023-04-26T17:50:01 IST" skipped="0">
  <testcase classname="seleniumMaven.pages.loginPageTest" name="loginGuru99Demo" time="7.092"/>
  <system-out/>
</testsuite> <!-- seleniumMaven.pages.loginPageTest -->
