<?xml version="1.0" encoding="UTF-8"?>
<!-- Generated by org.testng.reporters.JUnitReportReporter -->
<testsuite hostname="DESKTOP-3MREL07" failures="0" tests="1" name="seleniumMaven.testMaven.loginPageTest" time="4.318" errors="0" timestamp="2023-04-25T16:07:22 IST" skipped="0">
  <testcase classname="seleniumMaven.testMaven.loginPageTest" name="loginGuru99Demo" time="4.318"/>
  <system-out/>
</testsuite> <!-- seleniumMaven.testMaven.loginPageTest -->
