<?xml version="1.0" encoding="UTF-8"?>
<!-- Generated by org.testng.reporters.JUnitReportReporter -->
<testsuite hostname="Abdul-Hamid-MJKQITO" failures="0" tests="6" name="seleniumMaven.testMaven.AppTest" time="0.660" errors="0" timestamp="2020-07-03T16:22:16 IST" skipped="0">
  <testcase classname="seleniumMaven.testMaven.AppTest" name="method3" time="0.001"/>
  <testcase classname="seleniumMaven.testMaven.AppTest" name="assertMethod" time="0.002"/>
  <testcase classname="seleniumMaven.testMaven.AppTest" name="method1" time="0.000"/>
  <testcase classname="seleniumMaven.testMaven.AppTest" name="method4" time="0.001"/>
  <testcase classname="seleniumMaven.testMaven.AppTest" name="afterMethodQuit" time="0.655"/>
  <testcase classname="seleniumMaven.testMaven.AppTest" name="method2" time="0.001"/>
</testsuite> <!-- seleniumMaven.testMaven.AppTest -->
