<?xml version="1.0" encoding="UTF-8"?>
<!-- Generated by org.testng.reporters.JUnitReportReporter -->
<testsuite hostname="Abdul-Hamid-MJKQITO" failures="0" tests="1" name="seleniumMaven.testMaven.regPageTest" time="7.284" errors="0" timestamp="2020-07-04T02:56:24 IST" skipped="0">
  <testcase classname="seleniumMaven.testMaven.regPageTest" name="landingPageTest" time="7.284"/>
</testsuite> <!-- seleniumMaven.testMaven.regPageTest -->
