<?xml version="1.0" encoding="UTF-8"?>
<!-- Generated by org.testng.reporters.JUnitReportReporter -->
<testsuite hostname="Abdul-Hamid-MJKQITO" failures="0" tests="5" name="seleniumMaven.testMaven.loginPageTest" time="3.377" errors="0" timestamp="2020-07-04T02:10:07 IST" skipped="0">
  <testcase classname="seleniumMaven.testMaven.loginPageTest" name="method2" time="0.001"/>
  <testcase classname="seleniumMaven.testMaven.loginPageTest" name="assertMethod" time="0.004"/>
  <testcase classname="seleniumMaven.testMaven.loginPageTest" name="loginGuru99Demo" time="3.369"/>
  <testcase classname="seleniumMaven.testMaven.loginPageTest" name="method4" time="0.002"/>
  <testcase classname="seleniumMaven.testMaven.loginPageTest" name="method3" time="0.001"/>
</testsuite> <!-- seleniumMaven.testMaven.loginPageTest -->
