<?xml version="1.0" encoding="UTF-8"?>
<!-- Generated by org.testng.reporters.JUnitReportReporter -->
<testsuite hostname="Abdul-Hamid-MJKQITO" failures="0" tests="6" name="seleniumMaven.testMaven.AppTest" time="0.628" errors="0" timestamp="03 Jul 2020 10:51:06 GMT" skipped="0">
  <testcase classname="seleniumMaven.testMaven.AppTest" name="afterMethodQuit" time="0.625"/>
  <testcase classname="seleniumMaven.testMaven.AppTest" name="method2" time="0.001"/>
  <testcase classname="seleniumMaven.testMaven.AppTest" name="method4" time="0.000"/>
  <testcase classname="seleniumMaven.testMaven.AppTest" name="method3" time="0.000"/>
  <testcase classname="seleniumMaven.testMaven.AppTest" name="assertMethod" time="0.001"/>
  <testcase classname="seleniumMaven.testMaven.AppTest" name="method1" time="0.001"/>
</testsuite> <!-- seleniumMaven.testMaven.AppTest -->
