<?xml version="1.0" encoding="UTF-8"?>
<!-- Generated by org.testng.reporters.JUnitReportReporter -->
<testsuite hostname="Abdul-Hamid-MJKQITO" failures="0" tests="1" name="seleniumMaven.testMaven.loginPageTest" time="4.205" errors="0" timestamp="05 Jul 2020 00:37:29 GMT" skipped="0">
  <testcase classname="seleniumMaven.testMaven.loginPageTest" name="loginGuru99Demo" time="4.205"/>
</testsuite> <!-- seleniumMaven.testMaven.loginPageTest -->
