<?xml version="1.0" encoding="UTF-8"?>
<!-- Generated by org.testng.reporters.JUnitReportReporter -->
<testsuite hostname="Abdul-Hamid-MJKQITO" failures="0" tests="5" name="seleniumMaven.testMaven.loginPageTest" time="3.490" errors="0" timestamp="03 Jul 2020 20:39:05 GMT" skipped="0">
  <testcase classname="seleniumMaven.testMaven.loginPageTest" name="method2" time="0.000"/>
  <testcase classname="seleniumMaven.testMaven.loginPageTest" name="assertMethod" time="0.000"/>
  <testcase classname="seleniumMaven.testMaven.loginPageTest" name="method3" time="0.000"/>
  <testcase classname="seleniumMaven.testMaven.loginPageTest" name="method4" time="0.000"/>
  <testcase classname="seleniumMaven.testMaven.loginPageTest" name="loginGuru99Demo" time="3.490"/>
</testsuite> <!-- seleniumMaven.testMaven.loginPageTest -->
