<?xml version="1.0" encoding="UTF-8"?>
<!-- Generated by org.testng.reporters.JUnitReportReporter -->
<testsuite hostname="Abdul-Hamid-MJKQITO" failures="0" tests="1" name="seleniumMaven.testMaven.loginPageTest" time="3.789" errors="0" timestamp="03 Jul 2020 21:32:14 GMT" skipped="0">
  <testcase classname="seleniumMaven.testMaven.loginPageTest" name="loginGuru99Demo" time="3.789"/>
</testsuite> <!-- seleniumMaven.testMaven.loginPageTest -->
